<?xml version="1.0" encoding="UTF-8"?>
<!-- Generated by org.testng.reporters.JUnitReportReporter -->
<testsuite hostname="DESKTOP-FPMDJO7" failures="0" tests="1" name="Test.AddPlace" time="3.578" errors="0" timestamp="2023-06-06T11:47:09 IST" skipped="0">
  <testcase classname="Test.AddPlace" name="createGooglePlace" time="3.578"/>
  <system-out/>
</testsuite> <!-- Test.AddPlace -->
